<?xml version="1.0" encoding="UTF-8"?>
<testng-results ignored="0" total="1" passed="1" failed="0" skipped="0">
  <reporter-output>
    <line>
      <![CDATA[SampleTest class executed]]>
    </line>
  </reporter-output>
  <suite started-at="2024-07-27T11:02:12 IST" name="Default suite" finished-at="2024-07-27T11:02:12 IST" duration-ms="60">
    <groups>
    </groups>
    <test started-at="2024-07-27T11:02:12 IST" name="Default test" finished-at="2024-07-27T11:02:12 IST" duration-ms="60">
      <class name="Demo.sampleTest">
        <test-method signature="demo()[pri:0, instance:Demo.sampleTest@77fbd92c]" started-at="2024-07-27T11:02:12 IST" name="demo" finished-at="2024-07-27T11:02:12 IST" duration-ms="12" status="PASS">
          <reporter-output>
            <line>
              <![CDATA[SampleTest class executed]]>
            </line>
          </reporter-output>
        </test-method> <!-- demo -->
      </class> <!-- Demo.sampleTest -->
    </test> <!-- Default test -->
  </suite> <!-- Default suite -->
</testng-results>
